2024-10-03 15:19:41,244 INFO o.s.b.StartupInfoLogger [main] Starting NanoMeteringPocApplication using Java 11.0.8 on NOLI125045 with PID 25756 (C:\sandbox\nanometeringPOC\target\classes started by ronend in C:\sandbox\nanometeringPOC)
2024-10-03 15:19:41,253 INFO o.s.b.SpringApplication [main] No active profile set, falling back to 1 default profile: "default"
2024-10-03 15:19:44,724 INFO o.s.b.w.e.t.TomcatWebServer [main] Tomcat initialized with port(s): 8080 (http)
2024-10-03 15:19:44,737 INFO o.a.j.l.DirectJDKLog [main] Initializing ProtocolHandler ["http-nio-8080"]
2024-10-03 15:19:44,741 INFO o.a.j.l.DirectJDKLog [main] Starting service [Tomcat]
2024-10-03 15:19:44,742 INFO o.a.j.l.DirectJDKLog [main] Starting Servlet engine: [Apache Tomcat/9.0.83]
2024-10-03 15:19:44,902 INFO o.a.j.l.DirectJDKLog [main] Initializing Spring embedded WebApplicationContext
2024-10-03 15:19:44,905 INFO o.s.b.w.s.c.ServletWebServerApplicationContext [main] Root WebApplicationContext: initialization completed in 3588 ms
2024-10-03 15:19:45,017 INFO c.c.a.t.a.GetMeterForMeteringPoint [main] Initiating map meter to metering point.
2024-10-03 15:19:53,095 INFO c.c.a.t.a.GetMeterForMeteringPoint [main] Map meter to metering point initiated for 100 metering points.
2024-10-03 15:19:53,482 INFO o.a.j.l.DirectJDKLog [main] Starting ProtocolHandler ["http-nio-8080"]
2024-10-03 15:19:53,509 INFO o.s.b.w.e.t.TomcatWebServer [main] Tomcat started on port(s): 8080 (http) with context path ''
2024-10-03 15:19:53,526 INFO o.s.b.StartupInfoLogger [main] Started NanoMeteringPocApplication in 13.113 seconds (JVM running for 13.869)
2024-10-03 15:19:54,043 INFO c.c.a.c.Controller [scheduling-1] Starting creation of Aidon hourly indexes until 2024-10-03T14:00:00+02:00.
2024-10-03 15:19:58,489 INFO c.c.a.g.AidonXMLForIndexes [scheduling-1] Aidon transaction completed for 10 metering points. Transaction contains hourly indexes on 4 sensors AE/RE Down/Upstream.
2024-10-03 15:20:02,673 INFO c.c.a.g.AidonXMLForIndexes [scheduling-1] Aidon transaction completed for 20 metering points. Transaction contains hourly indexes on 4 sensors AE/RE Down/Upstream.
2024-10-03 15:20:06,749 INFO c.c.a.g.AidonXMLForIndexes [scheduling-1] Aidon transaction completed for 30 metering points. Transaction contains hourly indexes on 4 sensors AE/RE Down/Upstream.
2024-10-03 15:20:11,214 INFO c.c.a.g.AidonXMLForIndexes [scheduling-1] Aidon transaction completed for 40 metering points. Transaction contains hourly indexes on 4 sensors AE/RE Down/Upstream.
2024-10-03 15:20:15,315 INFO c.c.a.g.AidonXMLForIndexes [scheduling-1] Aidon transaction completed for 50 metering points. Transaction contains hourly indexes on 4 sensors AE/RE Down/Upstream.
2024-10-03 15:20:19,439 INFO c.c.a.g.AidonXMLForIndexes [scheduling-1] Aidon transaction completed for 60 metering points. Transaction contains hourly indexes on 4 sensors AE/RE Down/Upstream.
2024-10-03 15:20:23,797 INFO c.c.a.g.AidonXMLForIndexes [scheduling-1] Aidon transaction completed for 70 metering points. Transaction contains hourly indexes on 4 sensors AE/RE Down/Upstream.
2024-10-03 15:20:29,050 INFO c.c.a.g.AidonXMLForIndexes [scheduling-1] Aidon transaction completed for 80 metering points. Transaction contains hourly indexes on 4 sensors AE/RE Down/Upstream.
2024-10-03 15:20:33,418 INFO c.c.a.g.AidonXMLForIndexes [scheduling-1] Aidon transaction completed for 90 metering points. Transaction contains hourly indexes on 4 sensors AE/RE Down/Upstream.
2024-10-03 15:20:37,483 INFO c.c.a.g.AidonXMLForIndexes [scheduling-1] Aidon transaction completed for 100 metering points. Transaction contains hourly indexes on 4 sensors AE/RE Down/Upstream.
2024-10-03 15:20:37,684 INFO c.c.a.u.FileOutWriter [scheduling-1] Output written to C:\sandbox\nanometeringPOC\XMLPayload\1727961637539_queenContAidonIndex.xml.
2024-10-03 15:20:37,685 INFO c.c.a.c.Controller [scheduling-1] Next scheduled run within 1 hour @timestamp = 2024-10-03T16:19:54+02:00.
2024-10-03 15:20:37,685 INFO c.c.a.c.Controller [scheduling-1] Next run will create hourly index for all metering points / sensors @timestamp = 2024-10-03T15:00:00+02:00.
2024-10-03 15:21:20,072 INFO o.s.b.StartupInfoLogger [main] Starting NanoMeteringPocApplication using Java 11.0.8 on NOLI125045 with PID 26172 (C:\sandbox\nanometeringPOC\target\classes started by ronend in C:\sandbox\nanometeringPOC)
2024-10-03 15:21:20,077 INFO o.s.b.SpringApplication [main] No active profile set, falling back to 1 default profile: "default"
2024-10-03 15:21:23,703 INFO o.s.b.w.e.t.TomcatWebServer [main] Tomcat initialized with port(s): 8080 (http)
2024-10-03 15:21:23,711 INFO o.a.j.l.DirectJDKLog [main] Initializing ProtocolHandler ["http-nio-8080"]
2024-10-03 15:21:23,714 INFO o.a.j.l.DirectJDKLog [main] Starting service [Tomcat]
2024-10-03 15:21:23,715 INFO o.a.j.l.DirectJDKLog [main] Starting Servlet engine: [Apache Tomcat/9.0.83]
2024-10-03 15:21:23,855 INFO o.a.j.l.DirectJDKLog [main] Initializing Spring embedded WebApplicationContext
2024-10-03 15:21:23,858 INFO o.s.b.w.s.c.ServletWebServerApplicationContext [main] Root WebApplicationContext: initialization completed in 3708 ms
2024-10-03 15:21:23,943 INFO c.c.a.t.a.GetMeterForMeteringPoint [main] Initiating map meter to metering point.
2024-10-03 15:21:33,238 INFO c.c.a.t.a.GetMeterForMeteringPoint [main] Map meter to metering point initiated for 100 metering points.
2024-10-03 15:21:33,624 INFO o.a.j.l.DirectJDKLog [main] Starting ProtocolHandler ["http-nio-8080"]
2024-10-03 15:21:33,650 INFO o.s.b.w.e.t.TomcatWebServer [main] Tomcat started on port(s): 8080 (http) with context path ''
2024-10-03 15:21:33,664 INFO o.s.b.StartupInfoLogger [main] Started NanoMeteringPocApplication in 14.323 seconds (JVM running for 14.996)
2024-10-03 15:21:34,177 INFO c.c.a.c.Controller [scheduling-1] Starting creation of Aidon hourly indexes until 2024-10-03T14:00:00+02:00.
2024-10-03 15:21:38,688 INFO c.c.a.g.AidonXMLForIndexes [scheduling-1] Aidon transaction completed for 10 metering points. Transaction contains hourly indexes on 4 sensors AE/RE Down/Upstream.
2024-10-03 15:21:43,063 INFO c.c.a.g.AidonXMLForIndexes [scheduling-1] Aidon transaction completed for 20 metering points. Transaction contains hourly indexes on 4 sensors AE/RE Down/Upstream.
2024-10-03 15:21:47,434 INFO c.c.a.g.AidonXMLForIndexes [scheduling-1] Aidon transaction completed for 30 metering points. Transaction contains hourly indexes on 4 sensors AE/RE Down/Upstream.
2024-10-03 15:21:51,619 INFO c.c.a.g.AidonXMLForIndexes [scheduling-1] Aidon transaction completed for 40 metering points. Transaction contains hourly indexes on 4 sensors AE/RE Down/Upstream.
2024-10-03 15:21:55,662 INFO c.c.a.g.AidonXMLForIndexes [scheduling-1] Aidon transaction completed for 50 metering points. Transaction contains hourly indexes on 4 sensors AE/RE Down/Upstream.
2024-10-03 15:21:59,723 INFO c.c.a.g.AidonXMLForIndexes [scheduling-1] Aidon transaction completed for 60 metering points. Transaction contains hourly indexes on 4 sensors AE/RE Down/Upstream.
2024-10-03 15:22:03,895 INFO c.c.a.g.AidonXMLForIndexes [scheduling-1] Aidon transaction completed for 70 metering points. Transaction contains hourly indexes on 4 sensors AE/RE Down/Upstream.
2024-10-03 15:22:07,944 INFO c.c.a.g.AidonXMLForIndexes [scheduling-1] Aidon transaction completed for 80 metering points. Transaction contains hourly indexes on 4 sensors AE/RE Down/Upstream.
2024-10-03 15:22:12,080 INFO c.c.a.g.AidonXMLForIndexes [scheduling-1] Aidon transaction completed for 90 metering points. Transaction contains hourly indexes on 4 sensors AE/RE Down/Upstream.
2024-10-03 15:22:16,171 INFO c.c.a.g.AidonXMLForIndexes [scheduling-1] Aidon transaction completed for 100 metering points. Transaction contains hourly indexes on 4 sensors AE/RE Down/Upstream.
2024-10-03 15:22:16,181 INFO c.c.a.t.a.UploadXMLToDropzone [scheduling-1] Uploading Aidon indexes file to https://queencontgorg01.staging.techyon.io/dropzone.
2024-10-03 15:22:16,459 INFO c.c.a.t.a.UploadXMLToDropzone [scheduling-1] RESPONSE = 200 OK
2024-10-03 15:22:16,653 INFO c.c.a.u.FileOutWriter [scheduling-1] Output written to C:\sandbox\nanometeringPOC\XMLPayload\1727961736513_queenContAidonIndex.xml.
2024-10-03 15:22:16,654 INFO c.c.a.c.Controller [scheduling-1] Next scheduled run within 1 hour @timestamp = 2024-10-03T16:21:34+02:00.
2024-10-03 15:22:16,654 INFO c.c.a.c.Controller [scheduling-1] Next run will create hourly index for all metering points / sensors @timestamp = 2024-10-03T15:00:00+02:00.
