2024-11-12 12:45:48,598 INFO o.s.b.StartupInfoLogger [main] Starting NanoMeteringPocApplication using Java 11.0.8 on NOLI125045 with PID 23856 (C:\sandbox\nanometeringPOC\target\classes started by ronend in C:\sandbox\nanometeringPOC)
2024-11-12 12:45:48,598 INFO o.s.b.SpringApplication [main] No active profile set, falling back to 1 default profile: "default"
2024-11-12 12:45:52,371 INFO o.s.b.w.e.t.TomcatWebServer [main] Tomcat initialized with port(s): 8080 (http)
2024-11-12 12:45:52,393 INFO o.a.j.l.DirectJDKLog [main] Initializing ProtocolHandler ["http-nio-8080"]
2024-11-12 12:45:52,393 INFO o.a.j.l.DirectJDKLog [main] Starting service [Tomcat]
2024-11-12 12:45:52,393 INFO o.a.j.l.DirectJDKLog [main] Starting Servlet engine: [Apache Tomcat/9.0.83]
2024-11-12 12:45:52,572 INFO o.a.j.l.DirectJDKLog [main] Initializing Spring embedded WebApplicationContext
2024-11-12 12:45:52,587 INFO o.s.b.w.s.c.ServletWebServerApplicationContext [main] Root WebApplicationContext: initialization completed in 3920 ms
2024-11-12 12:45:52,669 INFO c.c.a.t.a.GetMeterForMeteringPoint [main] Initiating map meter to metering point.
2024-11-12 12:46:01,544 INFO c.c.a.t.a.GetMeterForMeteringPoint [main] Map meter to metering point initiated for 102 metering points.
2024-11-12 12:46:02,008 INFO o.a.j.l.DirectJDKLog [main] Starting ProtocolHandler ["http-nio-8080"]
2024-11-12 12:46:02,044 INFO o.s.b.w.e.t.TomcatWebServer [main] Tomcat started on port(s): 8080 (http) with context path ''
2024-11-12 12:46:02,066 INFO o.s.b.StartupInfoLogger [main] Started NanoMeteringPocApplication in 14.194 seconds (JVM running for 14.868)
2024-11-12 12:46:02,572 INFO c.c.a.c.Controller [scheduling-1] Starting creation of Aidon hourly indexes until 2024-11-12T11:00:00+01:00.
2024-11-12 12:46:03,218 INFO c.c.a.g.AidonXMLForIndexes [scheduling-1] Metering point 707057500087645928 is profile settled. Profile reading will be imported for hour 00:00:00 each day.
2024-11-12 12:46:05,210 INFO c.c.a.g.AidonXMLForIndexes [scheduling-1] Aidon transaction completed for 10 metering points. Transaction contains hourly indexes on 4 sensors AE/RE Down/Upstream.
2024-11-12 12:46:07,731 INFO c.c.a.g.AidonXMLForIndexes [scheduling-1] Aidon transaction completed for 20 metering points. Transaction contains hourly indexes on 4 sensors AE/RE Down/Upstream.
2024-11-12 12:46:10,223 INFO c.c.a.g.AidonXMLForIndexes [scheduling-1] Aidon transaction completed for 30 metering points. Transaction contains hourly indexes on 4 sensors AE/RE Down/Upstream.
2024-11-12 12:46:12,692 INFO c.c.a.g.AidonXMLForIndexes [scheduling-1] Aidon transaction completed for 40 metering points. Transaction contains hourly indexes on 4 sensors AE/RE Down/Upstream.
2024-11-12 12:46:15,094 INFO c.c.a.g.AidonXMLForIndexes [scheduling-1] Aidon transaction completed for 50 metering points. Transaction contains hourly indexes on 4 sensors AE/RE Down/Upstream.
2024-11-12 12:46:17,736 INFO c.c.a.g.AidonXMLForIndexes [scheduling-1] Aidon transaction completed for 60 metering points. Transaction contains hourly indexes on 4 sensors AE/RE Down/Upstream.
2024-11-12 12:46:20,420 INFO c.c.a.g.AidonXMLForIndexes [scheduling-1] Aidon transaction completed for 70 metering points. Transaction contains hourly indexes on 4 sensors AE/RE Down/Upstream.
2024-11-12 12:46:23,587 INFO c.c.a.g.AidonXMLForIndexes [scheduling-1] Aidon transaction completed for 80 metering points. Transaction contains hourly indexes on 4 sensors AE/RE Down/Upstream.
2024-11-12 12:46:25,393 INFO c.c.a.g.AidonXMLForIndexes [scheduling-1] Metering point 707057500087645942 is profile settled. Profile reading will be imported for hour 00:00:00 each day.
2024-11-12 12:46:27,044 INFO c.c.a.g.AidonXMLForIndexes [scheduling-1] Aidon transaction completed for 90 metering points. Transaction contains hourly indexes on 4 sensors AE/RE Down/Upstream.
2024-11-12 12:46:29,320 INFO c.c.a.g.AidonXMLForIndexes [scheduling-1] Omitting value for metering point 707057500087644983, for the current hour.
2024-11-12 12:46:29,519 INFO c.c.a.u.FileOutWriter [scheduling-1] Output written to C:\sandbox\nanometeringPOC\XMLPayload\1731411989387_queenContAidonIndex.xml.
2024-11-12 12:46:29,519 INFO c.c.a.c.Controller [scheduling-1] Next scheduled run within 1 hour @timestamp = 2024-11-12T13:46:02+01:00.
2024-11-12 12:46:29,519 INFO c.c.a.c.Controller [scheduling-1] Next run will create hourly index for all metering points / sensors @timestamp = 2024-11-12T12:00:00+01:00.
